# JRE version: Java(TM) SE Runtime Environment (21.0.1+12) (build 21.0.1+12-LTS-29)
# Java VM: Java HotSpot(TM) 64-Bit Server VM (21.0.1+12-LTS-29, mixed mode, sharing, tiered, compressed oops, compressed class ptrs, g1 gc, windows-amd64)
GC Precious Log:
 CardTable entry size: 512
 Card Set container configuration: InlinePtr #cards 4 size 8 Array Of Cards #cards 32 size 80 Howl #buckets 8 coarsen threshold 7372 Howl Bitmap #cards 1024 size 144 coarsen threshold 921 Card regions per heap region 1 cards per card region 8192
 CPUs: 16 total, 16 available
 Memory: 32530M
 Large Page Support: Disabled
 NUMA Support: Disabled
 Compressed Oops: Enabled (Zero based)
 Heap Region Size: 4M
 Heap Min Capacity: 8M
 Heap Initial Capacity: 512M
 Heap Max Capacity: 8136M
 Pre-touch: Disabled
 Parallel Workers: 13
 Concurrent Workers: 3
 Concurrent Refinement Workers: 13
 Periodic GC: Disabled
Heap:
 garbage-first heap   total 1327104K, used 1060711K [0x0000000603800000, 0x0000000800000000)
  region size 4096K, 2 young (8192K), 1 survivors (4096K)
 Metaspace       used 7312K, committed 7488K, reserved 1114112K
  class space    used 456K, committed 512K, reserved 1048576K
GC Heap History (16 events):
Event: 0.597 GC heap before
{Heap before GC invocations=0 (full 0):
 garbage-first heap   total 524288K, used 20480K [0x0000000603800000, 0x0000000800000000)
  region size 4096K, 6 young (24576K), 0 survivors (0K)
 Metaspace       used 5522K, committed 5696K, reserved 1114112K
  class space    used 283K, committed 384K, reserved 1048576K
}
Event: 0.599 GC heap after
{Heap after GC invocations=1 (full 0):
 garbage-first heap   total 524288K, used 3635K [0x0000000603800000, 0x0000000800000000)
  region size 4096K, 1 young (4096K), 1 survivors (4096K)
 Metaspace       used 5522K, committed 5696K, reserved 1114112K
  class space    used 283K, committed 384K, reserved 1048576K
}
Event: 0.696 GC heap before
{Heap before GC invocations=1 (full 0):
 garbage-first heap   total 524288K, used 20019K [0x0000000603800000, 0x0000000800000000)
  region size 4096K, 6 young (24576K), 1 survivors (4096K)
 Metaspace       used 7090K, committed 7296K, reserved 1114112K
  class space    used 444K, committed 512K, reserved 1048576K
}
Event: 0.698 GC heap after
{Heap after GC invocations=2 (full 0):
 garbage-first heap   total 524288K, used 3883K [0x0000000603800000, 0x0000000800000000)
  region size 4096K, 1 young (4096K), 1 survivors (4096K)
 Metaspace       used 7090K, committed 7296K, reserved 1114112K
  class space    used 444K, committed 512K, reserved 1048576K
}
Event: 0.968 GC heap before
{Heap before GC invocations=2 (full 0):
 garbage-first heap   total 524288K, used 499499K [0x0000000603800000, 0x0000000800000000)
  region size 4096K, 27 young (110592K), 1 survivors (4096K)
 Metaspace       used 7264K, committed 7424K, reserved 1114112K
  class space    used 454K, committed 512K, reserved 1048576K
}
Event: 0.971 GC heap after
{Heap after GC invocations=3 (full 0):
 garbage-first heap   total 524288K, used 397244K [0x0000000603800000, 0x0000000800000000)
  region size 4096K, 1 young (4096K), 1 survivors (4096K)
 Metaspace       used 7264K, committed 7424K, reserved 1114112K
  class space    used 454K, committed 512K, reserved 1048576K
}
Event: 1.074 GC heap before
{Heap before GC invocations=3 (full 0):
 garbage-first heap   total 524288K, used 487356K [0x0000000603800000, 0x0000000800000000)
  region size 4096K, 24 young (98304K), 1 survivors (4096K)
 Metaspace       used 7269K, committed 7424K, reserved 1114112K
  class space    used 454K, committed 512K, reserved 1048576K
}
Event: 1.076 GC heap after
{Heap after GC invocations=4 (full 0):
 garbage-first heap   total 524288K, used 397312K [0x0000000603800000, 0x0000000800000000)
  region size 4096K, 1 young (4096K), 1 survivors (4096K)
 Metaspace       used 7269K, committed 7424K, reserved 1114112K
  class space    used 454K, committed 512K, reserved 1048576K
}
Event: 1.199 GC heap before
{Heap before GC invocations=5 (full 0):
 garbage-first heap   total 671744K, used 487424K [0x0000000603800000, 0x0000000800000000)
  region size 4096K, 24 young (98304K), 1 survivors (4096K)
 Metaspace       used 7269K, committed 7424K, reserved 1114112K
  class space    used 454K, committed 512K, reserved 1048576K
}
Event: 1.201 GC heap after
{Heap after GC invocations=6 (full 0):
 garbage-first heap   total 671744K, used 397265K [0x0000000603800000, 0x0000000800000000)
  region size 4096K, 1 young (4096K), 1 survivors (4096K)
 Metaspace       used 7269K, committed 7424K, reserved 1114112K
  class space    used 454K, committed 512K, reserved 1048576K
}
Event: 1.312 GC heap before
{Heap before GC invocations=6 (full 0):
 garbage-first heap   total 671744K, used 491473K [0x0000000603800000, 0x0000000800000000)
  region size 4096K, 26 young (106496K), 1 survivors (4096K)
 Metaspace       used 7269K, committed 7424K, reserved 1114112K
  class space    used 454K, committed 512K, reserved 1048576K
}
Event: 1.314 GC heap after
{Heap after GC invocations=7 (full 0):
 garbage-first heap   total 671744K, used 397045K [0x0000000603800000, 0x0000000800000000)
  region size 4096K, 1 young (4096K), 1 survivors (4096K)
 Metaspace       used 7269K, committed 7424K, reserved 1114112K
  class space    used 454K, committed 512K, reserved 1048576K
}
Event: 2.770 GC heap before
{Heap before GC invocations=8 (full 0):
 garbage-first heap   total 1327104K, used 790261K [0x0000000603800000, 0x0000000800000000)
  region size 4096K, 2 young (8192K), 1 survivors (4096K)
 Metaspace       used 7270K, committed 7424K, reserved 1114112K
  class space    used 454K, committed 512K, reserved 1048576K
}
Event: 2.772 GC heap after
{Heap after GC invocations=9 (full 0):
 garbage-first heap   total 1327104K, used 3936K [0x0000000603800000, 0x0000000800000000)
  region size 4096K, 1 young (4096K), 1 survivors (4096K)
 Metaspace       used 7270K, committed 7424K, reserved 1114112K
  class space    used 454K, committed 512K, reserved 1048576K
}
Event: 2.814 GC heap before
{Heap before GC invocations=9 (full 0):
 garbage-first heap   total 1327104K, used 532320K [0x0000000603800000, 0x0000000800000000)
  region size 4096K, 2 young (8192K), 1 survivors (4096K)
 Metaspace       used 7281K, committed 7424K, reserved 1114112K
  class space    used 456K, committed 512K, reserved 1048576K
}
Event: 2.816 GC heap after
{Heap after GC invocations=10 (full 0):
 garbage-first heap   total 1327104K, used 532327K [0x0000000603800000, 0x0000000800000000)
  region size 4096K, 1 young (4096K), 1 survivors (4096K)
 Metaspace       used 7281K, committed 7424K, reserved 1114112K
  class space    used 456K, committed 512K, reserved 1048576K
}

