# JRE version: Java(TM) SE Runtime Environment (21.0.1+12) (build 21.0.1+12-LTS-29)
# Java VM: Java HotSpot(TM) 64-Bit Server VM (21.0.1+12-LTS-29, mixed mode, sharing, tiered, compressed oops, compressed class ptrs, g1 gc, windows-amd64)
GC Precious Log:
 CardTable entry size: 512
 Card Set container configuration: InlinePtr #cards 4 size 8 Array Of Cards #cards 32 size 80 Howl #buckets 8 coarsen threshold 7372 Howl Bitmap #cards 1024 size 144 coarsen threshold 921 Card regions per heap region 1 cards per card region 8192
 CPUs: 16 total, 16 available
 Memory: 32530M
 Large Page Support: Disabled
 NUMA Support: Disabled
 Compressed Oops: Enabled (Zero based)
 Heap Region Size: 4M
 Heap Min Capacity: 8M
 Heap Initial Capacity: 512M
 Heap Max Capacity: 8136M
 Pre-touch: Disabled
 Parallel Workers: 13
 Concurrent Workers: 3
 Concurrent Refinement Workers: 13
 Periodic GC: Disabled
Heap:
 garbage-first heap   total 1331200K, used 532122K [0x0000000603800000, 0x0000000800000000)
  region size 4096K, 2 young (8192K), 1 survivors (4096K)
 Metaspace       used 7209K, committed 7424K, reserved 1114112K
  class space    used 456K, committed 512K, reserved 1048576K
GC Heap History (14 events):
Event: 0.574 GC heap before
{Heap before GC invocations=0 (full 0):
 garbage-first heap   total 524288K, used 24576K [0x0000000603800000, 0x0000000800000000)
  region size 4096K, 6 young (24576K), 0 survivors (0K)
 Metaspace       used 5450K, committed 5632K, reserved 1114112K
  class space    used 283K, committed 384K, reserved 1048576K
}
Event: 0.576 GC heap after
{Heap after GC invocations=1 (full 0):
 garbage-first heap   total 524288K, used 3622K [0x0000000603800000, 0x0000000800000000)
  region size 4096K, 1 young (4096K), 1 survivors (4096K)
 Metaspace       used 5450K, committed 5632K, reserved 1114112K
  class space    used 283K, committed 384K, reserved 1048576K
}
Event: 0.669 GC heap before
{Heap before GC invocations=1 (full 0):
 garbage-first heap   total 524288K, used 20006K [0x0000000603800000, 0x0000000800000000)
  region size 4096K, 6 young (24576K), 1 survivors (4096K)
 Metaspace       used 7007K, committed 7232K, reserved 1114112K
  class space    used 444K, committed 512K, reserved 1048576K
}
Event: 0.670 GC heap after
{Heap after GC invocations=2 (full 0):
 garbage-first heap   total 524288K, used 4013K [0x0000000603800000, 0x0000000800000000)
  region size 4096K, 1 young (4096K), 1 survivors (4096K)
 Metaspace       used 7007K, committed 7232K, reserved 1114112K
  class space    used 444K, committed 512K, reserved 1048576K
}
Event: 0.924 GC heap before
{Heap before GC invocations=2 (full 0):
 garbage-first heap   total 524288K, used 491437K [0x0000000603800000, 0x0000000800000000)
  region size 4096K, 25 young (102400K), 1 survivors (4096K)
 Metaspace       used 7181K, committed 7360K, reserved 1114112K
  class space    used 454K, committed 512K, reserved 1048576K
}
Event: 0.925 GC heap after
{Heap after GC invocations=3 (full 0):
 garbage-first heap   total 524288K, used 397156K [0x0000000603800000, 0x0000000800000000)
  region size 4096K, 1 young (4096K), 1 survivors (4096K)
 Metaspace       used 7181K, committed 7360K, reserved 1114112K
  class space    used 454K, committed 512K, reserved 1048576K
}
Event: 1.021 GC heap before
{Heap before GC invocations=3 (full 0):
 garbage-first heap   total 524288K, used 483172K [0x0000000603800000, 0x0000000800000000)
  region size 4096K, 23 young (94208K), 1 survivors (4096K)
 Metaspace       used 7186K, committed 7360K, reserved 1114112K
  class space    used 454K, committed 512K, reserved 1048576K
}
Event: 1.022 GC heap after
{Heap after GC invocations=4 (full 0):
 garbage-first heap   total 524288K, used 397100K [0x0000000603800000, 0x0000000800000000)
  region size 4096K, 1 young (4096K), 1 survivors (4096K)
 Metaspace       used 7186K, committed 7360K, reserved 1114112K
  class space    used 454K, committed 512K, reserved 1048576K
}
Event: 1.141 GC heap before
{Heap before GC invocations=5 (full 0):
 garbage-first heap   total 675840K, used 483116K [0x0000000603800000, 0x0000000800000000)
  region size 4096K, 23 young (94208K), 1 survivors (4096K)
 Metaspace       used 7186K, committed 7360K, reserved 1114112K
  class space    used 454K, committed 512K, reserved 1048576K
}
Event: 1.142 GC heap after
{Heap after GC invocations=6 (full 0):
 garbage-first heap   total 675840K, used 397100K [0x0000000603800000, 0x0000000800000000)
  region size 4096K, 1 young (4096K), 1 survivors (4096K)
 Metaspace       used 7186K, committed 7360K, reserved 1114112K
  class space    used 454K, committed 512K, reserved 1048576K
}
Event: 1.275 GC heap before
{Heap before GC invocations=6 (full 0):
 garbage-first heap   total 675840K, used 507692K [0x0000000603800000, 0x0000000800000000)
  region size 4096K, 30 young (122880K), 1 survivors (4096K)
 Metaspace       used 7186K, committed 7360K, reserved 1114112K
  class space    used 454K, committed 512K, reserved 1048576K
}
Event: 1.276 GC heap after
{Heap after GC invocations=7 (full 0):
 garbage-first heap   total 675840K, used 396948K [0x0000000603800000, 0x0000000800000000)
  region size 4096K, 1 young (4096K), 1 survivors (4096K)
 Metaspace       used 7186K, committed 7360K, reserved 1114112K
  class space    used 454K, committed 512K, reserved 1048576K
}
Event: 2.751 GC heap before
{Heap before GC invocations=8 (full 0):
 garbage-first heap   total 1331200K, used 790164K [0x0000000603800000, 0x0000000800000000)
  region size 4096K, 2 young (8192K), 1 survivors (4096K)
 Metaspace       used 7187K, committed 7360K, reserved 1114112K
  class space    used 454K, committed 512K, reserved 1048576K
}
Event: 2.752 GC heap after
{Heap after GC invocations=9 (full 0):
 garbage-first heap   total 1331200K, used 3738K [0x0000000603800000, 0x0000000800000000)
  region size 4096K, 1 young (4096K), 1 survivors (4096K)
 Metaspace       used 7187K, committed 7360K, reserved 1114112K
  class space    used 454K, committed 512K, reserved 1048576K
}

